<?xml version="1.0" encoding="utf-8"?><testsuites><testsuite errors="0" failures="1" hostname="John-Murphy" name="pytest" skipped="1" tests="17" time="1.645" timestamp="2020-07-30T12:51:36.708489"><testcase classname="tests.test_cycletime./Users/john.murphy/rally/cycletime/tests/test_cycletime.py" name="PYLINT" time="0.000"><skipped message="file(s) previously passed pylint checks" type="pytest.skip">/Users/john.murphy/.local/share/virtualenvs/cycletime-U2viDG6X/lib/python3.7/site-packages/pytest_pylint/plugin.py:326: file(s) previously passed pylint checks</skipped></testcase><testcase classname="tests.test_cycletime" name="test_import" time="0.001"></testcase><testcase classname="tests.test_github_service./Users/john.murphy/rally/cycletime/tests/test_github_service.py" name="PYLINT" time="0.000"></testcase><testcase classname="tests.test_github_service" name="test_validate_repo_exist" time="0.018"></testcase><testcase classname="tests.test_github_service" name="test_validate_repo_not_exist" time="0.011"></testcase><testcase classname="tests.test_github_service" name="test_creds" time="0.011"></testcase><testcase classname="tests.test_github_service" name="test_get_owner_from_file" time="0.019"></testcase><testcase classname="tests.test_github_service" name="test_get_owner" time="0.095"></testcase><testcase classname="tests.test_github_service" name="test_get_diff_commit_list" time="0.017"><failure message="AssertionError: assert &apos;Dummy empty ...NAPSHOT build&apos; == &apos;faily test&apos;
  - faily test
  + Dummy empty commit to provoke a SNAPSHOT build">github = &lt;rally.cycletime.github_service.GitHub object at 0x10e9c6650&gt;

    @pytest.mark.vcr()
    def test_get_diff_commit_list(github):
        &quot;&quot;&quot;Validate the commit list contains relevant information&quot;&quot;&quot;
        results = github.get_diff_commit_list(
            &apos;hello-play&apos;,
            &apos;1.6.0&apos;,
            &apos;2.0.0&apos;)
        assert len(results) == 8
&gt;       assert results[0][&apos;commit&apos;][&apos;message&apos;] == &apos;faily test&apos;
E       AssertionError: assert &apos;Dummy empty ...NAPSHOT build&apos; == &apos;faily test&apos;
E         - faily test
E         + Dummy empty commit to provoke a SNAPSHOT build

tests/test_github_service.py:59: AssertionError</failure></testcase><testcase classname="tests.test_github_service" name="test_get_pr_list" time="0.060"></testcase><testcase classname="tests.test_github_service" name="test_get_pr_list_exclusions" time="0.066"></testcase><testcase classname="tests.test_github_service" name="test_get_pr_details" time="0.021"></testcase><testcase classname="tests.test_github_service" name="test_get_pr_details_exclusions" time="0.023"></testcase><testcase classname="tests.test_github_service" name="test_get_version_sha" time="0.014"></testcase><testcase classname="tests.test_github_service" name="test_get_version_sha_without_v" time="0.023"></testcase><testcase classname="tests.test_github_service" name="test_get_version_date_semver" time="0.032"></testcase><testcase classname="tests.test_github_service" name="test_get_version_date_date_based" time="0.016"></testcase></testsuite></testsuites>